<?xml version="1.0" encoding="UTF-8"?>
<testsuite xmlns:xsi="http://www.w3.org/2001/XMLSchema-instance" xsi:noNamespaceSchemaLocation="https://maven.apache.org/surefire/maven-surefire-plugin/xsd/surefire-test-report.xsd" version="3.0.2" name="com.easymenu.product.ProductControllerTest" time="1.834" tests="5" errors="0" skipped="0" failures="0">
  <properties>
[...]
</properties>
  <testcase name="testCreateProduct" classname="com.easymenu.product.ProductControllerTest" time="0.086">
    <system-out><![CDATA[2025-07-12T17:33:49.647+08:00  INFO 96426 --- [           main] t.c.s.AnnotationConfigContextLoaderUtils : Could not detect default configuration classes for test class [com.easymenu.product.ProductControllerTest]: ProductControllerTest does not declare any static, non-private, non-final, nested classes annotated with @Configuration.
2025-07-12T17:33:49.652+08:00  INFO 96426 --- [           main] .b.t.c.SpringBootTestContextBootstrapper : Found @SpringBootConfiguration com.easymenu.EasyMenuApplication for test class com.easymenu.product.ProductControllerTest
2025-07-12T17:33:49.654+08:00  INFO 96426 --- [           main] o.s.b.d.r.RestartApplicationListener     : Restart disabled due to context in which it is running

  .   ____          _            __ _ _
 /\\ / ___'_ __ _ _(_)_ __  __ _ \ \ \ \
( ( )\___ | '_ | '_| | '_ \/ _` | \ \ \ \
 \\/  ___)| |_)| | | | | || (_| |  ) ) ) )
  '  |____| .__|_| |_|_| |_\__, | / / / /
 =========|_|==============|___/=/_/_/_/

 :: Spring Boot ::                (v3.4.4)

2025-07-12T17:33:49.664+08:00  INFO 96426 --- [           main] c.e.product.ProductControllerTest        : Starting ProductControllerTest using Java 17.0.15 with PID 96426 (started by viniciusrodrigues in /Users/viniciusrodrigues/Documents/Projects/EasyMenu/backend)
2025-07-12T17:33:49.664+08:00  INFO 96426 --- [           main] c.e.product.ProductControllerTest        : The following 1 profile is active: "local"
2025-07-12T17:33:49.732+08:00  INFO 96426 --- [           main] .s.d.r.c.RepositoryConfigurationDelegate : Bootstrapping Spring Data JPA repositories in DEFAULT mode.
2025-07-12T17:33:49.737+08:00  INFO 96426 --- [           main] .s.d.r.c.RepositoryConfigurationDelegate : Finished Spring Data repository scanning in 4 ms. Found 3 JPA repository interfaces.
2025-07-12T17:33:49.796+08:00  INFO 96426 --- [           main] com.zaxxer.hikari.HikariDataSource       : HikariPool-9 - Starting...
2025-07-12T17:33:49.812+08:00  INFO 96426 --- [           main] com.zaxxer.hikari.pool.HikariPool        : HikariPool-9 - Added connection org.postgresql.jdbc.PgConnection@7144a18d
2025-07-12T17:33:49.812+08:00  INFO 96426 --- [           main] com.zaxxer.hikari.HikariDataSource       : HikariPool-9 - Start completed.
2025-07-12T17:33:49.813+08:00  INFO 96426 --- [           main] org.flywaydb.core.FlywayExecutor         : Database: jdbc:postgresql://localhost:5432/easymenu_db (PostgreSQL 17.4)
2025-07-12T17:33:49.820+08:00  INFO 96426 --- [           main] o.f.core.internal.command.DbValidate     : Successfully validated 1 migration (execution time 00:00.003s)
2025-07-12T17:33:49.841+08:00  INFO 96426 --- [           main] o.f.core.internal.command.DbMigrate      : Current version of schema "public": 1
2025-07-12T17:33:49.841+08:00  INFO 96426 --- [           main] o.f.core.internal.command.DbMigrate      : Schema "public" is up to date. No migration necessary.
2025-07-12T17:33:49.849+08:00  INFO 96426 --- [           main] o.hibernate.jpa.internal.util.LogHelper  : HHH000204: Processing PersistenceUnitInfo [name: default]
2025-07-12T17:33:49.850+08:00  INFO 96426 --- [           main] o.h.c.internal.RegionFactoryInitiator    : HHH000026: Second-level cache disabled
2025-07-12T17:33:49.853+08:00  INFO 96426 --- [           main] o.s.o.j.p.SpringPersistenceUnitInfo      : No LoadTimeWeaver setup: ignoring JPA class transformer
2025-07-12T17:33:49.855+08:00  WARN 96426 --- [           main] org.hibernate.orm.deprecation            : HHH90000025: PostgreSQLDialect does not need to be specified explicitly using 'hibernate.dialect' (remove the property setting and it will be selected by default)
2025-07-12T17:33:49.855+08:00  INFO 96426 --- [           main] org.hibernate.orm.connections.pooling    : HHH10001005: Database info:
	Database JDBC URL [Connecting through datasource 'HikariDataSource (HikariPool-9)']
	Database driver: undefined/unknown
	Database version: 17.4
	Autocommit mode: undefined/unknown
	Isolation level: undefined/unknown
	Minimum pool size: undefined/unknown
	Maximum pool size: undefined/unknown
2025-07-12T17:33:49.876+08:00  INFO 96426 --- [           main] o.h.e.t.j.p.i.JtaPlatformInitiator       : HHH000489: No JTA platform available (set 'hibernate.transaction.jta.platform' to enable JTA platform integration)
2025-07-12T17:33:49.876+08:00  INFO 96426 --- [           main] j.LocalContainerEntityManagerFactoryBean : Initialized JPA EntityManagerFactory for persistence unit 'default'
2025-07-12T17:33:49.891+08:00  INFO 96426 --- [           main] r$InitializeUserDetailsManagerConfigurer : Global AuthenticationManager configured with UserDetailsService bean with name userDetailsServiceImpl
2025-07-12T17:33:49.920+08:00  WARN 96426 --- [           main] JpaBaseConfiguration$JpaWebConfiguration : spring.jpa.open-in-view is enabled by default. Therefore, database queries may be performed during view rendering. Explicitly configure spring.jpa.open-in-view to disable this warning
2025-07-12T17:33:49.954+08:00 DEBUG 96426 --- [           main] o.s.s.web.DefaultSecurityFilterChain     : Will secure any request with filters: DisableEncodeUrlFilter, WebAsyncManagerIntegrationFilter, SecurityContextHolderFilter, HeaderWriterFilter, LogoutFilter, SecurityFilter, RequestCacheAwareFilter, SecurityContextHolderAwareRequestFilter, AnonymousAuthenticationFilter, SessionManagementFilter, ExceptionTranslationFilter, AuthorizationFilter
2025-07-12T17:33:50.006+08:00  INFO 96426 --- [           main] o.s.b.t.m.w.SpringBootMockServletContext : Initializing Spring TestDispatcherServlet ''
2025-07-12T17:33:50.006+08:00  INFO 96426 --- [           main] o.s.t.web.servlet.TestDispatcherServlet  : Initializing Servlet ''
2025-07-12T17:33:50.006+08:00  INFO 96426 --- [           main] o.s.t.web.servlet.TestDispatcherServlet  : Completed initialization in 0 ms
2025-07-12T17:33:50.012+08:00  INFO 96426 --- [           main] c.e.product.ProductControllerTest        : Started ProductControllerTest in 0.359 seconds (process running for 6.589)
2025-07-12T17:33:50.019+08:00 DEBUG 96426 --- [           main] o.s.security.web.FilterChainProxy        : Securing POST /products
2025-07-12T17:33:50.019+08:00 DEBUG 96426 --- [           main] o.s.security.web.FilterChainProxy        : Secured POST /products
2025-07-12T17:33:50.062+08:00  INFO 96426 --- [           main] j.LocalContainerEntityManagerFactoryBean : Closing JPA EntityManagerFactory for persistence unit 'default'
2025-07-12T17:33:50.062+08:00  INFO 96426 --- [           main] com.zaxxer.hikari.HikariDataSource       : HikariPool-9 - Shutdown initiated...
2025-07-12T17:33:50.099+08:00  INFO 96426 --- [           main] com.zaxxer.hikari.HikariDataSource       : HikariPool-9 - Shutdown completed.
]]></system-out>
  </testcase>
  <testcase name="testFindById" classname="com.easymenu.product.ProductControllerTest" time="0.041">
    <system-out><![CDATA[2025-07-12T17:33:50.100+08:00  INFO 96426 --- [           main] o.s.b.d.r.RestartApplicationListener     : Restart disabled due to context in which it is running

  .   ____          _            __ _ _
 /\\ / ___'_ __ _ _(_)_ __  __ _ \ \ \ \
( ( )\___ | '_ | '_| | '_ \/ _` | \ \ \ \
 \\/  ___)| |_)| | | | | || (_| |  ) ) ) )
  '  |____| .__|_| |_|_| |_\__, | / / / /
 =========|_|==============|___/=/_/_/_/

 :: Spring Boot ::                (v3.4.4)

2025-07-12T17:33:50.106+08:00  INFO 96426 --- [           main] c.e.product.ProductControllerTest        : Starting ProductControllerTest using Java 17.0.15 with PID 96426 (started by viniciusrodrigues in /Users/viniciusrodrigues/Documents/Projects/EasyMenu/backend)
2025-07-12T17:33:50.106+08:00  INFO 96426 --- [           main] c.e.product.ProductControllerTest        : The following 1 profile is active: "local"
2025-07-12T17:33:50.167+08:00  INFO 96426 --- [           main] .s.d.r.c.RepositoryConfigurationDelegate : Bootstrapping Spring Data JPA repositories in DEFAULT mode.
2025-07-12T17:33:50.172+08:00  INFO 96426 --- [           main] .s.d.r.c.RepositoryConfigurationDelegate : Finished Spring Data repository scanning in 5 ms. Found 3 JPA repository interfaces.
2025-07-12T17:33:50.207+08:00  INFO 96426 --- [           main] com.zaxxer.hikari.HikariDataSource       : HikariPool-10 - Starting...
2025-07-12T17:33:50.218+08:00  INFO 96426 --- [           main] com.zaxxer.hikari.pool.HikariPool        : HikariPool-10 - Added connection org.postgresql.jdbc.PgConnection@84ee47e
2025-07-12T17:33:50.218+08:00  INFO 96426 --- [           main] com.zaxxer.hikari.HikariDataSource       : HikariPool-10 - Start completed.
2025-07-12T17:33:50.219+08:00  INFO 96426 --- [           main] org.flywaydb.core.FlywayExecutor         : Database: jdbc:postgresql://localhost:5432/easymenu_db (PostgreSQL 17.4)
2025-07-12T17:33:50.227+08:00  INFO 96426 --- [           main] o.f.core.internal.command.DbValidate     : Successfully validated 1 migration (execution time 00:00.004s)
2025-07-12T17:33:50.241+08:00  INFO 96426 --- [           main] o.f.core.internal.command.DbMigrate      : Current version of schema "public": 1
2025-07-12T17:33:50.241+08:00  INFO 96426 --- [           main] o.f.core.internal.command.DbMigrate      : Schema "public" is up to date. No migration necessary.
2025-07-12T17:33:50.248+08:00  INFO 96426 --- [           main] o.hibernate.jpa.internal.util.LogHelper  : HHH000204: Processing PersistenceUnitInfo [name: default]
2025-07-12T17:33:50.249+08:00  INFO 96426 --- [           main] o.h.c.internal.RegionFactoryInitiator    : HHH000026: Second-level cache disabled
2025-07-12T17:33:50.251+08:00  INFO 96426 --- [           main] o.s.o.j.p.SpringPersistenceUnitInfo      : No LoadTimeWeaver setup: ignoring JPA class transformer
2025-07-12T17:33:50.252+08:00  WARN 96426 --- [           main] org.hibernate.orm.deprecation            : HHH90000025: PostgreSQLDialect does not need to be specified explicitly using 'hibernate.dialect' (remove the property setting and it will be selected by default)
2025-07-12T17:33:50.252+08:00  INFO 96426 --- [           main] org.hibernate.orm.connections.pooling    : HHH10001005: Database info:
	Database JDBC URL [Connecting through datasource 'HikariDataSource (HikariPool-10)']
	Database driver: undefined/unknown
	Database version: 17.4
	Autocommit mode: undefined/unknown
	Isolation level: undefined/unknown
	Minimum pool size: undefined/unknown
	Maximum pool size: undefined/unknown
2025-07-12T17:33:50.275+08:00  INFO 96426 --- [           main] o.h.e.t.j.p.i.JtaPlatformInitiator       : HHH000489: No JTA platform available (set 'hibernate.transaction.jta.platform' to enable JTA platform integration)
2025-07-12T17:33:50.276+08:00  INFO 96426 --- [           main] j.LocalContainerEntityManagerFactoryBean : Initialized JPA EntityManagerFactory for persistence unit 'default'
2025-07-12T17:33:50.295+08:00  INFO 96426 --- [           main] r$InitializeUserDetailsManagerConfigurer : Global AuthenticationManager configured with UserDetailsService bean with name userDetailsServiceImpl
2025-07-12T17:33:50.321+08:00  WARN 96426 --- [           main] JpaBaseConfiguration$JpaWebConfiguration : spring.jpa.open-in-view is enabled by default. Therefore, database queries may be performed during view rendering. Explicitly configure spring.jpa.open-in-view to disable this warning
2025-07-12T17:33:50.356+08:00 DEBUG 96426 --- [           main] o.s.s.web.DefaultSecurityFilterChain     : Will secure any request with filters: DisableEncodeUrlFilter, WebAsyncManagerIntegrationFilter, SecurityContextHolderFilter, HeaderWriterFilter, LogoutFilter, SecurityFilter, RequestCacheAwareFilter, SecurityContextHolderAwareRequestFilter, AnonymousAuthenticationFilter, SessionManagementFilter, ExceptionTranslationFilter, AuthorizationFilter
2025-07-12T17:33:50.408+08:00  INFO 96426 --- [           main] o.s.b.t.m.w.SpringBootMockServletContext : Initializing Spring TestDispatcherServlet ''
2025-07-12T17:33:50.408+08:00  INFO 96426 --- [           main] o.s.t.web.servlet.TestDispatcherServlet  : Initializing Servlet ''
2025-07-12T17:33:50.408+08:00  INFO 96426 --- [           main] o.s.t.web.servlet.TestDispatcherServlet  : Completed initialization in 0 ms
2025-07-12T17:33:50.413+08:00  INFO 96426 --- [           main] c.e.product.ProductControllerTest        : Started ProductControllerTest in 0.313 seconds (process running for 6.991)
2025-07-12T17:33:50.416+08:00 DEBUG 96426 --- [           main] o.s.security.web.FilterChainProxy        : Securing GET /products/dcfe0f24-f1a7-45a6-95d1-e7d6f91bc5b0
2025-07-12T17:33:50.416+08:00 DEBUG 96426 --- [           main] o.s.security.web.FilterChainProxy        : Secured GET /products/dcfe0f24-f1a7-45a6-95d1-e7d6f91bc5b0
2025-07-12T17:33:50.421+08:00  INFO 96426 --- [           main] j.LocalContainerEntityManagerFactoryBean : Closing JPA EntityManagerFactory for persistence unit 'default'
2025-07-12T17:33:50.422+08:00  INFO 96426 --- [           main] com.zaxxer.hikari.HikariDataSource       : HikariPool-10 - Shutdown initiated...
2025-07-12T17:33:50.455+08:00  INFO 96426 --- [           main] com.zaxxer.hikari.HikariDataSource       : HikariPool-10 - Shutdown completed.
]]></system-out>
  </testcase>
  <testcase name="testProductNotFound" classname="com.easymenu.product.ProductControllerTest" time="0.042">
    <system-out><![CDATA[2025-07-12T17:33:50.456+08:00  INFO 96426 --- [           main] o.s.b.d.r.RestartApplicationListener     : Restart disabled due to context in which it is running

  .   ____          _            __ _ _
 /\\ / ___'_ __ _ _(_)_ __  __ _ \ \ \ \
( ( )\___ | '_ | '_| | '_ \/ _` | \ \ \ \
 \\/  ___)| |_)| | | | | || (_| |  ) ) ) )
  '  |____| .__|_| |_|_| |_\__, | / / / /
 =========|_|==============|___/=/_/_/_/

 :: Spring Boot ::                (v3.4.4)

2025-07-12T17:33:50.464+08:00  INFO 96426 --- [           main] c.e.product.ProductControllerTest        : Starting ProductControllerTest using Java 17.0.15 with PID 96426 (started by viniciusrodrigues in /Users/viniciusrodrigues/Documents/Projects/EasyMenu/backend)
2025-07-12T17:33:50.464+08:00  INFO 96426 --- [           main] c.e.product.ProductControllerTest        : The following 1 profile is active: "local"
2025-07-12T17:33:50.519+08:00  INFO 96426 --- [           main] .s.d.r.c.RepositoryConfigurationDelegate : Bootstrapping Spring Data JPA repositories in DEFAULT mode.
2025-07-12T17:33:50.524+08:00  INFO 96426 --- [           main] .s.d.r.c.RepositoryConfigurationDelegate : Finished Spring Data repository scanning in 3 ms. Found 3 JPA repository interfaces.
2025-07-12T17:33:50.558+08:00  INFO 96426 --- [           main] com.zaxxer.hikari.HikariDataSource       : HikariPool-11 - Starting...
2025-07-12T17:33:50.570+08:00  INFO 96426 --- [           main] com.zaxxer.hikari.pool.HikariPool        : HikariPool-11 - Added connection org.postgresql.jdbc.PgConnection@41ac10f2
2025-07-12T17:33:50.570+08:00  INFO 96426 --- [           main] com.zaxxer.hikari.HikariDataSource       : HikariPool-11 - Start completed.
2025-07-12T17:33:50.570+08:00  INFO 96426 --- [           main] org.flywaydb.core.FlywayExecutor         : Database: jdbc:postgresql://localhost:5432/easymenu_db (PostgreSQL 17.4)
2025-07-12T17:33:50.577+08:00  INFO 96426 --- [           main] o.f.core.internal.command.DbValidate     : Successfully validated 1 migration (execution time 00:00.002s)
2025-07-12T17:33:50.592+08:00  INFO 96426 --- [           main] o.f.core.internal.command.DbMigrate      : Current version of schema "public": 1
2025-07-12T17:33:50.592+08:00  INFO 96426 --- [           main] o.f.core.internal.command.DbMigrate      : Schema "public" is up to date. No migration necessary.
2025-07-12T17:33:50.600+08:00  INFO 96426 --- [           main] o.hibernate.jpa.internal.util.LogHelper  : HHH000204: Processing PersistenceUnitInfo [name: default]
2025-07-12T17:33:50.600+08:00  INFO 96426 --- [           main] o.h.c.internal.RegionFactoryInitiator    : HHH000026: Second-level cache disabled
2025-07-12T17:33:50.602+08:00  INFO 96426 --- [           main] o.s.o.j.p.SpringPersistenceUnitInfo      : No LoadTimeWeaver setup: ignoring JPA class transformer
2025-07-12T17:33:50.604+08:00  WARN 96426 --- [           main] org.hibernate.orm.deprecation            : HHH90000025: PostgreSQLDialect does not need to be specified explicitly using 'hibernate.dialect' (remove the property setting and it will be selected by default)
2025-07-12T17:33:50.605+08:00  INFO 96426 --- [           main] org.hibernate.orm.connections.pooling    : HHH10001005: Database info:
	Database JDBC URL [Connecting through datasource 'HikariDataSource (HikariPool-11)']
	Database driver: undefined/unknown
	Database version: 17.4
	Autocommit mode: undefined/unknown
	Isolation level: undefined/unknown
	Minimum pool size: undefined/unknown
	Maximum pool size: undefined/unknown
2025-07-12T17:33:50.625+08:00  INFO 96426 --- [           main] o.h.e.t.j.p.i.JtaPlatformInitiator       : HHH000489: No JTA platform available (set 'hibernate.transaction.jta.platform' to enable JTA platform integration)
2025-07-12T17:33:50.625+08:00  INFO 96426 --- [           main] j.LocalContainerEntityManagerFactoryBean : Initialized JPA EntityManagerFactory for persistence unit 'default'
2025-07-12T17:33:50.640+08:00  INFO 96426 --- [           main] r$InitializeUserDetailsManagerConfigurer : Global AuthenticationManager configured with UserDetailsService bean with name userDetailsServiceImpl
2025-07-12T17:33:50.667+08:00  WARN 96426 --- [           main] JpaBaseConfiguration$JpaWebConfiguration : spring.jpa.open-in-view is enabled by default. Therefore, database queries may be performed during view rendering. Explicitly configure spring.jpa.open-in-view to disable this warning
2025-07-12T17:33:50.705+08:00 DEBUG 96426 --- [           main] o.s.s.web.DefaultSecurityFilterChain     : Will secure any request with filters: DisableEncodeUrlFilter, WebAsyncManagerIntegrationFilter, SecurityContextHolderFilter, HeaderWriterFilter, LogoutFilter, SecurityFilter, RequestCacheAwareFilter, SecurityContextHolderAwareRequestFilter, AnonymousAuthenticationFilter, SessionManagementFilter, ExceptionTranslationFilter, AuthorizationFilter
2025-07-12T17:33:50.755+08:00  INFO 96426 --- [           main] o.s.b.t.m.w.SpringBootMockServletContext : Initializing Spring TestDispatcherServlet ''
2025-07-12T17:33:50.755+08:00  INFO 96426 --- [           main] o.s.t.web.servlet.TestDispatcherServlet  : Initializing Servlet ''
2025-07-12T17:33:50.755+08:00  INFO 96426 --- [           main] o.s.t.web.servlet.TestDispatcherServlet  : Completed initialization in 0 ms
2025-07-12T17:33:50.760+08:00  INFO 96426 --- [           main] c.e.product.ProductControllerTest        : Started ProductControllerTest in 0.304 seconds (process running for 7.338)
2025-07-12T17:33:50.763+08:00 DEBUG 96426 --- [           main] o.s.security.web.FilterChainProxy        : Securing GET /products/d506d2a8-7b09-4289-adc7-fb717654bc07
2025-07-12T17:33:50.763+08:00 DEBUG 96426 --- [           main] o.s.security.web.FilterChainProxy        : Secured GET /products/d506d2a8-7b09-4289-adc7-fb717654bc07
2025-07-12T17:33:50.768+08:00  INFO 96426 --- [           main] j.LocalContainerEntityManagerFactoryBean : Closing JPA EntityManagerFactory for persistence unit 'default'
2025-07-12T17:33:50.768+08:00  INFO 96426 --- [           main] com.zaxxer.hikari.HikariDataSource       : HikariPool-11 - Shutdown initiated...
2025-07-12T17:33:50.803+08:00  INFO 96426 --- [           main] com.zaxxer.hikari.HikariDataSource       : HikariPool-11 - Shutdown completed.
]]></system-out>
  </testcase>
  <testcase name="testInvalidInput" classname="com.easymenu.product.ProductControllerTest" time="0.03">
    <system-out><![CDATA[2025-07-12T17:33:50.804+08:00  INFO 96426 --- [           main] o.s.b.d.r.RestartApplicationListener     : Restart disabled due to context in which it is running

  .   ____          _            __ _ _
 /\\ / ___'_ __ _ _(_)_ __  __ _ \ \ \ \
( ( )\___ | '_ | '_| | '_ \/ _` | \ \ \ \
 \\/  ___)| |_)| | | | | || (_| |  ) ) ) )
  '  |____| .__|_| |_|_| |_\__, | / / / /
 =========|_|==============|___/=/_/_/_/

 :: Spring Boot ::                (v3.4.4)

2025-07-12T17:33:50.810+08:00  INFO 96426 --- [           main] c.e.product.ProductControllerTest        : Starting ProductControllerTest using Java 17.0.15 with PID 96426 (started by viniciusrodrigues in /Users/viniciusrodrigues/Documents/Projects/EasyMenu/backend)
2025-07-12T17:33:50.810+08:00  INFO 96426 --- [           main] c.e.product.ProductControllerTest        : The following 1 profile is active: "local"
2025-07-12T17:33:50.865+08:00  INFO 96426 --- [           main] .s.d.r.c.RepositoryConfigurationDelegate : Bootstrapping Spring Data JPA repositories in DEFAULT mode.
2025-07-12T17:33:50.870+08:00  INFO 96426 --- [           main] .s.d.r.c.RepositoryConfigurationDelegate : Finished Spring Data repository scanning in 4 ms. Found 3 JPA repository interfaces.
2025-07-12T17:33:50.906+08:00  INFO 96426 --- [           main] com.zaxxer.hikari.HikariDataSource       : HikariPool-12 - Starting...
2025-07-12T17:33:50.914+08:00  INFO 96426 --- [           main] com.zaxxer.hikari.pool.HikariPool        : HikariPool-12 - Added connection org.postgresql.jdbc.PgConnection@74d33ed9
2025-07-12T17:33:50.914+08:00  INFO 96426 --- [           main] com.zaxxer.hikari.HikariDataSource       : HikariPool-12 - Start completed.
2025-07-12T17:33:50.915+08:00  INFO 96426 --- [           main] org.flywaydb.core.FlywayExecutor         : Database: jdbc:postgresql://localhost:5432/easymenu_db (PostgreSQL 17.4)
2025-07-12T17:33:50.922+08:00  INFO 96426 --- [           main] o.f.core.internal.command.DbValidate     : Successfully validated 1 migration (execution time 00:00.002s)
2025-07-12T17:33:50.934+08:00  INFO 96426 --- [           main] o.f.core.internal.command.DbMigrate      : Current version of schema "public": 1
2025-07-12T17:33:50.934+08:00  INFO 96426 --- [           main] o.f.core.internal.command.DbMigrate      : Schema "public" is up to date. No migration necessary.
2025-07-12T17:33:50.941+08:00  INFO 96426 --- [           main] o.hibernate.jpa.internal.util.LogHelper  : HHH000204: Processing PersistenceUnitInfo [name: default]
2025-07-12T17:33:50.941+08:00  INFO 96426 --- [           main] o.h.c.internal.RegionFactoryInitiator    : HHH000026: Second-level cache disabled
2025-07-12T17:33:50.943+08:00  INFO 96426 --- [           main] o.s.o.j.p.SpringPersistenceUnitInfo      : No LoadTimeWeaver setup: ignoring JPA class transformer
2025-07-12T17:33:50.945+08:00  WARN 96426 --- [           main] org.hibernate.orm.deprecation            : HHH90000025: PostgreSQLDialect does not need to be specified explicitly using 'hibernate.dialect' (remove the property setting and it will be selected by default)
2025-07-12T17:33:50.946+08:00  INFO 96426 --- [           main] org.hibernate.orm.connections.pooling    : HHH10001005: Database info:
	Database JDBC URL [Connecting through datasource 'HikariDataSource (HikariPool-12)']
	Database driver: undefined/unknown
	Database version: 17.4
	Autocommit mode: undefined/unknown
	Isolation level: undefined/unknown
	Minimum pool size: undefined/unknown
	Maximum pool size: undefined/unknown
2025-07-12T17:33:50.967+08:00  INFO 96426 --- [           main] o.h.e.t.j.p.i.JtaPlatformInitiator       : HHH000489: No JTA platform available (set 'hibernate.transaction.jta.platform' to enable JTA platform integration)
2025-07-12T17:33:50.967+08:00  INFO 96426 --- [           main] j.LocalContainerEntityManagerFactoryBean : Initialized JPA EntityManagerFactory for persistence unit 'default'
2025-07-12T17:33:50.978+08:00  INFO 96426 --- [           main] r$InitializeUserDetailsManagerConfigurer : Global AuthenticationManager configured with UserDetailsService bean with name userDetailsServiceImpl
2025-07-12T17:33:50.999+08:00  WARN 96426 --- [           main] JpaBaseConfiguration$JpaWebConfiguration : spring.jpa.open-in-view is enabled by default. Therefore, database queries may be performed during view rendering. Explicitly configure spring.jpa.open-in-view to disable this warning
2025-07-12T17:33:51.027+08:00 DEBUG 96426 --- [           main] o.s.s.web.DefaultSecurityFilterChain     : Will secure any request with filters: DisableEncodeUrlFilter, WebAsyncManagerIntegrationFilter, SecurityContextHolderFilter, HeaderWriterFilter, LogoutFilter, SecurityFilter, RequestCacheAwareFilter, SecurityContextHolderAwareRequestFilter, AnonymousAuthenticationFilter, SessionManagementFilter, ExceptionTranslationFilter, AuthorizationFilter
2025-07-12T17:33:51.069+08:00  INFO 96426 --- [           main] o.s.b.t.m.w.SpringBootMockServletContext : Initializing Spring TestDispatcherServlet ''
2025-07-12T17:33:51.069+08:00  INFO 96426 --- [           main] o.s.t.web.servlet.TestDispatcherServlet  : Initializing Servlet ''
2025-07-12T17:33:51.069+08:00  INFO 96426 --- [           main] o.s.t.web.servlet.TestDispatcherServlet  : Completed initialization in 0 ms
2025-07-12T17:33:51.073+08:00  INFO 96426 --- [           main] c.e.product.ProductControllerTest        : Started ProductControllerTest in 0.269 seconds (process running for 7.651)
2025-07-12T17:33:51.075+08:00 DEBUG 96426 --- [           main] o.s.security.web.FilterChainProxy        : Securing POST /products
2025-07-12T17:33:51.075+08:00 DEBUG 96426 --- [           main] o.s.security.web.FilterChainProxy        : Secured POST /products
2025-07-12T17:33:51.091+08:00  INFO 96426 --- [           main] j.LocalContainerEntityManagerFactoryBean : Closing JPA EntityManagerFactory for persistence unit 'default'
2025-07-12T17:33:51.092+08:00  INFO 96426 --- [           main] com.zaxxer.hikari.HikariDataSource       : HikariPool-12 - Shutdown initiated...
2025-07-12T17:33:51.104+08:00  INFO 96426 --- [           main] com.zaxxer.hikari.HikariDataSource       : HikariPool-12 - Shutdown completed.
]]></system-out>
  </testcase>
  <testcase name="testValidSearch" classname="com.easymenu.product.ProductControllerTest" time="0.049">
    <system-out><![CDATA[2025-07-12T17:33:51.105+08:00  INFO 96426 --- [           main] o.s.b.d.r.RestartApplicationListener     : Restart disabled due to context in which it is running

  .   ____          _            __ _ _
 /\\ / ___'_ __ _ _(_)_ __  __ _ \ \ \ \
( ( )\___ | '_ | '_| | '_ \/ _` | \ \ \ \
 \\/  ___)| |_)| | | | | || (_| |  ) ) ) )
  '  |____| .__|_| |_|_| |_\__, | / / / /
 =========|_|==============|___/=/_/_/_/

 :: Spring Boot ::                (v3.4.4)

2025-07-12T17:33:51.112+08:00  INFO 96426 --- [           main] c.e.product.ProductControllerTest        : Starting ProductControllerTest using Java 17.0.15 with PID 96426 (started by viniciusrodrigues in /Users/viniciusrodrigues/Documents/Projects/EasyMenu/backend)
2025-07-12T17:33:51.112+08:00  INFO 96426 --- [           main] c.e.product.ProductControllerTest        : The following 1 profile is active: "local"
2025-07-12T17:33:51.169+08:00  INFO 96426 --- [           main] .s.d.r.c.RepositoryConfigurationDelegate : Bootstrapping Spring Data JPA repositories in DEFAULT mode.
2025-07-12T17:33:51.174+08:00  INFO 96426 --- [           main] .s.d.r.c.RepositoryConfigurationDelegate : Finished Spring Data repository scanning in 4 ms. Found 3 JPA repository interfaces.
2025-07-12T17:33:51.207+08:00  INFO 96426 --- [           main] com.zaxxer.hikari.HikariDataSource       : HikariPool-13 - Starting...
2025-07-12T17:33:51.220+08:00  INFO 96426 --- [           main] com.zaxxer.hikari.pool.HikariPool        : HikariPool-13 - Added connection org.postgresql.jdbc.PgConnection@e1306d6
2025-07-12T17:33:51.220+08:00  INFO 96426 --- [           main] com.zaxxer.hikari.HikariDataSource       : HikariPool-13 - Start completed.
2025-07-12T17:33:51.220+08:00  INFO 96426 --- [           main] org.flywaydb.core.FlywayExecutor         : Database: jdbc:postgresql://localhost:5432/easymenu_db (PostgreSQL 17.4)
2025-07-12T17:33:51.227+08:00  INFO 96426 --- [           main] o.f.core.internal.command.DbValidate     : Successfully validated 1 migration (execution time 00:00.002s)
2025-07-12T17:33:51.240+08:00  INFO 96426 --- [           main] o.f.core.internal.command.DbMigrate      : Current version of schema "public": 1
2025-07-12T17:33:51.240+08:00  INFO 96426 --- [           main] o.f.core.internal.command.DbMigrate      : Schema "public" is up to date. No migration necessary.
2025-07-12T17:33:51.247+08:00  INFO 96426 --- [           main] o.hibernate.jpa.internal.util.LogHelper  : HHH000204: Processing PersistenceUnitInfo [name: default]
2025-07-12T17:33:51.247+08:00  INFO 96426 --- [           main] o.h.c.internal.RegionFactoryInitiator    : HHH000026: Second-level cache disabled
2025-07-12T17:33:51.249+08:00  INFO 96426 --- [           main] o.s.o.j.p.SpringPersistenceUnitInfo      : No LoadTimeWeaver setup: ignoring JPA class transformer
2025-07-12T17:33:51.250+08:00  WARN 96426 --- [           main] org.hibernate.orm.deprecation            : HHH90000025: PostgreSQLDialect does not need to be specified explicitly using 'hibernate.dialect' (remove the property setting and it will be selected by default)
2025-07-12T17:33:51.251+08:00  INFO 96426 --- [           main] org.hibernate.orm.connections.pooling    : HHH10001005: Database info:
	Database JDBC URL [Connecting through datasource 'HikariDataSource (HikariPool-13)']
	Database driver: undefined/unknown
	Database version: 17.4
	Autocommit mode: undefined/unknown
	Isolation level: undefined/unknown
	Minimum pool size: undefined/unknown
	Maximum pool size: undefined/unknown
2025-07-12T17:33:51.270+08:00  INFO 96426 --- [           main] o.h.e.t.j.p.i.JtaPlatformInitiator       : HHH000489: No JTA platform available (set 'hibernate.transaction.jta.platform' to enable JTA platform integration)
2025-07-12T17:33:51.270+08:00  INFO 96426 --- [           main] j.LocalContainerEntityManagerFactoryBean : Initialized JPA EntityManagerFactory for persistence unit 'default'
2025-07-12T17:33:51.280+08:00  INFO 96426 --- [           main] r$InitializeUserDetailsManagerConfigurer : Global AuthenticationManager configured with UserDetailsService bean with name userDetailsServiceImpl
2025-07-12T17:33:51.359+08:00  WARN 96426 --- [           main] JpaBaseConfiguration$JpaWebConfiguration : spring.jpa.open-in-view is enabled by default. Therefore, database queries may be performed during view rendering. Explicitly configure spring.jpa.open-in-view to disable this warning
2025-07-12T17:33:51.385+08:00 DEBUG 96426 --- [           main] o.s.s.web.DefaultSecurityFilterChain     : Will secure any request with filters: DisableEncodeUrlFilter, WebAsyncManagerIntegrationFilter, SecurityContextHolderFilter, HeaderWriterFilter, LogoutFilter, SecurityFilter, RequestCacheAwareFilter, SecurityContextHolderAwareRequestFilter, AnonymousAuthenticationFilter, SessionManagementFilter, ExceptionTranslationFilter, AuthorizationFilter
2025-07-12T17:33:51.426+08:00  INFO 96426 --- [           main] o.s.b.t.m.w.SpringBootMockServletContext : Initializing Spring TestDispatcherServlet ''
2025-07-12T17:33:51.426+08:00  INFO 96426 --- [           main] o.s.t.web.servlet.TestDispatcherServlet  : Initializing Servlet ''
2025-07-12T17:33:51.427+08:00  INFO 96426 --- [           main] o.s.t.web.servlet.TestDispatcherServlet  : Completed initialization in 1 ms
2025-07-12T17:33:51.430+08:00  INFO 96426 --- [           main] c.e.product.ProductControllerTest        : Started ProductControllerTest in 0.325 seconds (process running for 8.008)
2025-07-12T17:33:51.433+08:00 DEBUG 96426 --- [           main] o.s.security.web.FilterChainProxy        : Securing POST /products/search
2025-07-12T17:33:51.433+08:00 DEBUG 96426 --- [           main] o.s.security.web.FilterChainProxy        : Secured POST /products/search
2025-07-12T17:33:51.439+08:00  INFO 96426 --- [           main] j.LocalContainerEntityManagerFactoryBean : Closing JPA EntityManagerFactory for persistence unit 'default'
2025-07-12T17:33:51.439+08:00  INFO 96426 --- [           main] com.zaxxer.hikari.HikariDataSource       : HikariPool-13 - Shutdown initiated...
2025-07-12T17:33:51.480+08:00  INFO 96426 --- [           main] com.zaxxer.hikari.HikariDataSource       : HikariPool-13 - Shutdown completed.
]]></system-out>
  </testcase>
</testsuite>