<?xml version="1.0" encoding="UTF-8"?>
<testsuite xmlns:xsi="http://www.w3.org/2001/XMLSchema-instance" xsi:noNamespaceSchemaLocation="https://maven.apache.org/surefire/maven-surefire-plugin/xsd/surefire-test-report.xsd" version="3.0.2" name="com.easymenu.authentication.AuthenticationControllerTest" time="1.253" tests="5" errors="0" skipped="0" failures="0">
  <properties>
[...]
</properties>
  <testcase name="testRegisterValidationError" classname="com.easymenu.authentication.AuthenticationControllerTest" time="0.047">
    <system-out><![CDATA[2025-07-12T16:40:59.921+08:00  INFO 84835 --- [           main] t.c.s.AnnotationConfigContextLoaderUtils : Could not detect default configuration classes for test class [com.easymenu.authentication.AuthenticationControllerTest]: AuthenticationControllerTest does not declare any static, non-private, non-final, nested classes annotated with @Configuration.
2025-07-12T16:40:59.924+08:00  INFO 84835 --- [           main] .b.t.c.SpringBootTestContextBootstrapper : Found @SpringBootConfiguration com.easymenu.EasyMenuApplication for test class com.easymenu.authentication.AuthenticationControllerTest
2025-07-12T16:40:59.925+08:00  INFO 84835 --- [           main] o.s.b.d.r.RestartApplicationListener     : Restart disabled due to context in which it is running
2025-07-12T16:40:59.927+08:00  INFO 84835 --- [           main] m.p.springdotenv.DotenvPropertySource    : Initialized Dotenv with DotenvConfig{directory=null, filename=null, ignoreIfMalformed=false, ignoreIfMissing=true, systemProperties=false, prefix=null}

  .   ____          _            __ _ _
 /\\ / ___'_ __ _ _(_)_ __  __ _ \ \ \ \
( ( )\___ | '_ | '_| | '_ \/ _` | \ \ \ \
 \\/  ___)| |_)| | | | | || (_| |  ) ) ) )
  '  |____| .__|_| |_|_| |_\__, | / / / /
 =========|_|==============|___/=/_/_/_/

 :: Spring Boot ::                (v3.4.4)

2025-07-12T16:40:59.933+08:00  INFO 84835 --- [           main] c.e.a.AuthenticationControllerTest       : Starting AuthenticationControllerTest using Java 17.0.15 with PID 84835 (started by viniciusrodrigues in /Users/viniciusrodrigues/Documents/Projects/EasyMenu/backend)
2025-07-12T16:40:59.933+08:00  INFO 84835 --- [           main] c.e.a.AuthenticationControllerTest       : The following 1 profile is active: "local"
2025-07-12T16:40:59.983+08:00  INFO 84835 --- [           main] .s.d.r.c.RepositoryConfigurationDelegate : Bootstrapping Spring Data JPA repositories in DEFAULT mode.
2025-07-12T16:40:59.988+08:00  INFO 84835 --- [           main] .s.d.r.c.RepositoryConfigurationDelegate : Finished Spring Data repository scanning in 3 ms. Found 3 JPA repository interfaces.
2025-07-12T16:41:00.033+08:00  INFO 84835 --- [           main] com.zaxxer.hikari.HikariDataSource       : HikariPool-15 - Starting...
2025-07-12T16:41:00.048+08:00  INFO 84835 --- [           main] com.zaxxer.hikari.pool.HikariPool        : HikariPool-15 - Added connection org.postgresql.jdbc.PgConnection@7003883f
2025-07-12T16:41:00.049+08:00  INFO 84835 --- [           main] com.zaxxer.hikari.HikariDataSource       : HikariPool-15 - Start completed.
2025-07-12T16:41:00.050+08:00  INFO 84835 --- [           main] org.flywaydb.core.FlywayExecutor         : Database: jdbc:postgresql://localhost:5432/easymenu_db (PostgreSQL 17.4)
2025-07-12T16:41:00.055+08:00  INFO 84835 --- [           main] o.f.core.internal.command.DbValidate     : Successfully validated 1 migration (execution time 00:00.002s)
2025-07-12T16:41:00.069+08:00  INFO 84835 --- [           main] o.f.core.internal.command.DbMigrate      : Current version of schema "public": 1
2025-07-12T16:41:00.069+08:00  INFO 84835 --- [           main] o.f.core.internal.command.DbMigrate      : Schema "public" is up to date. No migration necessary.
2025-07-12T16:41:00.076+08:00  INFO 84835 --- [           main] o.hibernate.jpa.internal.util.LogHelper  : HHH000204: Processing PersistenceUnitInfo [name: default]
2025-07-12T16:41:00.076+08:00  INFO 84835 --- [           main] o.h.c.internal.RegionFactoryInitiator    : HHH000026: Second-level cache disabled
2025-07-12T16:41:00.082+08:00  INFO 84835 --- [           main] o.s.o.j.p.SpringPersistenceUnitInfo      : No LoadTimeWeaver setup: ignoring JPA class transformer
2025-07-12T16:41:00.085+08:00  WARN 84835 --- [           main] org.hibernate.orm.deprecation            : HHH90000025: PostgreSQLDialect does not need to be specified explicitly using 'hibernate.dialect' (remove the property setting and it will be selected by default)
2025-07-12T16:41:00.085+08:00  INFO 84835 --- [           main] org.hibernate.orm.connections.pooling    : HHH10001005: Database info:
	Database JDBC URL [Connecting through datasource 'HikariDataSource (HikariPool-15)']
	Database driver: undefined/unknown
	Database version: 17.4
	Autocommit mode: undefined/unknown
	Isolation level: undefined/unknown
	Minimum pool size: undefined/unknown
	Maximum pool size: undefined/unknown
2025-07-12T16:41:00.104+08:00  INFO 84835 --- [           main] o.h.e.t.j.p.i.JtaPlatformInitiator       : HHH000489: No JTA platform available (set 'hibernate.transaction.jta.platform' to enable JTA platform integration)
2025-07-12T16:41:00.104+08:00  INFO 84835 --- [           main] j.LocalContainerEntityManagerFactoryBean : Initialized JPA EntityManagerFactory for persistence unit 'default'
2025-07-12T16:41:00.132+08:00  WARN 84835 --- [           main] JpaBaseConfiguration$JpaWebConfiguration : spring.jpa.open-in-view is enabled by default. Therefore, database queries may be performed during view rendering. Explicitly configure spring.jpa.open-in-view to disable this warning
2025-07-12T16:41:00.140+08:00  INFO 84835 --- [           main] r$InitializeUserDetailsManagerConfigurer : Global AuthenticationManager configured with UserDetailsService bean with name userDetailsServiceImpl
2025-07-12T16:41:00.154+08:00 DEBUG 84835 --- [           main] o.s.s.web.DefaultSecurityFilterChain     : Will secure any request with filters: DisableEncodeUrlFilter, WebAsyncManagerIntegrationFilter, SecurityContextHolderFilter, HeaderWriterFilter, LogoutFilter, SecurityFilter, RequestCacheAwareFilter, SecurityContextHolderAwareRequestFilter, AnonymousAuthenticationFilter, SessionManagementFilter, ExceptionTranslationFilter, AuthorizationFilter
2025-07-12T16:41:00.188+08:00  INFO 84835 --- [           main] o.s.b.t.m.w.SpringBootMockServletContext : Initializing Spring TestDispatcherServlet ''
2025-07-12T16:41:00.188+08:00  INFO 84835 --- [           main] o.s.t.web.servlet.TestDispatcherServlet  : Initializing Servlet ''
2025-07-12T16:41:00.188+08:00  INFO 84835 --- [           main] o.s.t.web.servlet.TestDispatcherServlet  : Completed initialization in 0 ms
2025-07-12T16:41:00.191+08:00  INFO 84835 --- [           main] c.e.a.AuthenticationControllerTest       : Started AuthenticationControllerTest in 0.266 seconds (process running for 7.643)
2025-07-12T16:41:00.193+08:00 DEBUG 84835 --- [           main] o.s.security.web.FilterChainProxy        : Securing POST /auth/register
2025-07-12T16:41:00.194+08:00 DEBUG 84835 --- [           main] o.s.s.w.a.AnonymousAuthenticationFilter  : Set SecurityContextHolder to anonymous SecurityContext
2025-07-12T16:41:00.194+08:00 DEBUG 84835 --- [           main] o.s.security.web.FilterChainProxy        : Secured POST /auth/register
2025-07-12T16:41:00.206+08:00  INFO 84835 --- [           main] j.LocalContainerEntityManagerFactoryBean : Closing JPA EntityManagerFactory for persistence unit 'default'
2025-07-12T16:41:00.207+08:00  INFO 84835 --- [           main] com.zaxxer.hikari.HikariDataSource       : HikariPool-15 - Shutdown initiated...
2025-07-12T16:41:00.239+08:00  INFO 84835 --- [           main] com.zaxxer.hikari.HikariDataSource       : HikariPool-15 - Shutdown completed.
]]></system-out>
  </testcase>
  <testcase name="testLoginSuccess" classname="com.easymenu.authentication.AuthenticationControllerTest" time="0.01">
    <system-out><![CDATA[2025-07-12T16:41:00.240+08:00  INFO 84835 --- [           main] o.s.b.d.r.RestartApplicationListener     : Restart disabled due to context in which it is running

  .   ____          _            __ _ _
 /\\ / ___'_ __ _ _(_)_ __  __ _ \ \ \ \
( ( )\___ | '_ | '_| | '_ \/ _` | \ \ \ \
 \\/  ___)| |_)| | | | | || (_| |  ) ) ) )
  '  |____| .__|_| |_|_| |_\__, | / / / /
 =========|_|==============|___/=/_/_/_/

 :: Spring Boot ::                (v3.4.4)

2025-07-12T16:41:00.246+08:00  INFO 84835 --- [           main] c.e.a.AuthenticationControllerTest       : Starting AuthenticationControllerTest using Java 17.0.15 with PID 84835 (started by viniciusrodrigues in /Users/viniciusrodrigues/Documents/Projects/EasyMenu/backend)
2025-07-12T16:41:00.246+08:00  INFO 84835 --- [           main] c.e.a.AuthenticationControllerTest       : The following 1 profile is active: "local"
2025-07-12T16:41:00.292+08:00  INFO 84835 --- [           main] .s.d.r.c.RepositoryConfigurationDelegate : Bootstrapping Spring Data JPA repositories in DEFAULT mode.
2025-07-12T16:41:00.296+08:00  INFO 84835 --- [           main] .s.d.r.c.RepositoryConfigurationDelegate : Finished Spring Data repository scanning in 3 ms. Found 3 JPA repository interfaces.
2025-07-12T16:41:00.322+08:00  INFO 84835 --- [           main] com.zaxxer.hikari.HikariDataSource       : HikariPool-16 - Starting...
2025-07-12T16:41:00.331+08:00  INFO 84835 --- [           main] com.zaxxer.hikari.pool.HikariPool        : HikariPool-16 - Added connection org.postgresql.jdbc.PgConnection@25423c8d
2025-07-12T16:41:00.331+08:00  INFO 84835 --- [           main] com.zaxxer.hikari.HikariDataSource       : HikariPool-16 - Start completed.
2025-07-12T16:41:00.331+08:00  INFO 84835 --- [           main] org.flywaydb.core.FlywayExecutor         : Database: jdbc:postgresql://localhost:5432/easymenu_db (PostgreSQL 17.4)
2025-07-12T16:41:00.339+08:00  INFO 84835 --- [           main] o.f.core.internal.command.DbValidate     : Successfully validated 1 migration (execution time 00:00.002s)
2025-07-12T16:41:00.351+08:00  INFO 84835 --- [           main] o.f.core.internal.command.DbMigrate      : Current version of schema "public": 1
2025-07-12T16:41:00.351+08:00  INFO 84835 --- [           main] o.f.core.internal.command.DbMigrate      : Schema "public" is up to date. No migration necessary.
2025-07-12T16:41:00.356+08:00  INFO 84835 --- [           main] o.hibernate.jpa.internal.util.LogHelper  : HHH000204: Processing PersistenceUnitInfo [name: default]
2025-07-12T16:41:00.357+08:00  INFO 84835 --- [           main] o.h.c.internal.RegionFactoryInitiator    : HHH000026: Second-level cache disabled
2025-07-12T16:41:00.359+08:00  INFO 84835 --- [           main] o.s.o.j.p.SpringPersistenceUnitInfo      : No LoadTimeWeaver setup: ignoring JPA class transformer
2025-07-12T16:41:00.360+08:00  WARN 84835 --- [           main] org.hibernate.orm.deprecation            : HHH90000025: PostgreSQLDialect does not need to be specified explicitly using 'hibernate.dialect' (remove the property setting and it will be selected by default)
2025-07-12T16:41:00.360+08:00  INFO 84835 --- [           main] org.hibernate.orm.connections.pooling    : HHH10001005: Database info:
	Database JDBC URL [Connecting through datasource 'HikariDataSource (HikariPool-16)']
	Database driver: undefined/unknown
	Database version: 17.4
	Autocommit mode: undefined/unknown
	Isolation level: undefined/unknown
	Minimum pool size: undefined/unknown
	Maximum pool size: undefined/unknown
2025-07-12T16:41:00.378+08:00  INFO 84835 --- [           main] o.h.e.t.j.p.i.JtaPlatformInitiator       : HHH000489: No JTA platform available (set 'hibernate.transaction.jta.platform' to enable JTA platform integration)
2025-07-12T16:41:00.378+08:00  INFO 84835 --- [           main] j.LocalContainerEntityManagerFactoryBean : Initialized JPA EntityManagerFactory for persistence unit 'default'
2025-07-12T16:41:00.405+08:00  WARN 84835 --- [           main] JpaBaseConfiguration$JpaWebConfiguration : spring.jpa.open-in-view is enabled by default. Therefore, database queries may be performed during view rendering. Explicitly configure spring.jpa.open-in-view to disable this warning
2025-07-12T16:41:00.414+08:00  INFO 84835 --- [           main] r$InitializeUserDetailsManagerConfigurer : Global AuthenticationManager configured with UserDetailsService bean with name userDetailsServiceImpl
2025-07-12T16:41:00.427+08:00 DEBUG 84835 --- [           main] o.s.s.web.DefaultSecurityFilterChain     : Will secure any request with filters: DisableEncodeUrlFilter, WebAsyncManagerIntegrationFilter, SecurityContextHolderFilter, HeaderWriterFilter, LogoutFilter, SecurityFilter, RequestCacheAwareFilter, SecurityContextHolderAwareRequestFilter, AnonymousAuthenticationFilter, SessionManagementFilter, ExceptionTranslationFilter, AuthorizationFilter
2025-07-12T16:41:00.464+08:00  INFO 84835 --- [           main] o.s.b.t.m.w.SpringBootMockServletContext : Initializing Spring TestDispatcherServlet ''
2025-07-12T16:41:00.464+08:00  INFO 84835 --- [           main] o.s.t.web.servlet.TestDispatcherServlet  : Initializing Servlet ''
2025-07-12T16:41:00.464+08:00  INFO 84835 --- [           main] o.s.t.web.servlet.TestDispatcherServlet  : Completed initialization in 0 ms
2025-07-12T16:41:00.468+08:00  INFO 84835 --- [           main] c.e.a.AuthenticationControllerTest       : Started AuthenticationControllerTest in 0.227 seconds (process running for 7.919)
2025-07-12T16:41:00.470+08:00 DEBUG 84835 --- [           main] o.s.security.web.FilterChainProxy        : Securing POST /auth/login
2025-07-12T16:41:00.470+08:00 DEBUG 84835 --- [           main] o.s.s.w.a.AnonymousAuthenticationFilter  : Set SecurityContextHolder to anonymous SecurityContext
2025-07-12T16:41:00.470+08:00 DEBUG 84835 --- [           main] o.s.security.web.FilterChainProxy        : Secured POST /auth/login
2025-07-12T16:41:00.474+08:00  INFO 84835 --- [           main] j.LocalContainerEntityManagerFactoryBean : Closing JPA EntityManagerFactory for persistence unit 'default'
2025-07-12T16:41:00.474+08:00  INFO 84835 --- [           main] com.zaxxer.hikari.HikariDataSource       : HikariPool-16 - Shutdown initiated...
2025-07-12T16:41:00.478+08:00  INFO 84835 --- [           main] com.zaxxer.hikari.HikariDataSource       : HikariPool-16 - Shutdown completed.
]]></system-out>
  </testcase>
  <testcase name="testEmailAlreadyExists" classname="com.easymenu.authentication.AuthenticationControllerTest" time="0.018">
    <system-out><![CDATA[2025-07-12T16:41:00.479+08:00  INFO 84835 --- [           main] o.s.b.d.r.RestartApplicationListener     : Restart disabled due to context in which it is running

  .   ____          _            __ _ _
 /\\ / ___'_ __ _ _(_)_ __  __ _ \ \ \ \
( ( )\___ | '_ | '_| | '_ \/ _` | \ \ \ \
 \\/  ___)| |_)| | | | | || (_| |  ) ) ) )
  '  |____| .__|_| |_|_| |_\__, | / / / /
 =========|_|==============|___/=/_/_/_/

 :: Spring Boot ::                (v3.4.4)

2025-07-12T16:41:00.484+08:00  INFO 84835 --- [           main] c.e.a.AuthenticationControllerTest       : Starting AuthenticationControllerTest using Java 17.0.15 with PID 84835 (started by viniciusrodrigues in /Users/viniciusrodrigues/Documents/Projects/EasyMenu/backend)
2025-07-12T16:41:00.484+08:00  INFO 84835 --- [           main] c.e.a.AuthenticationControllerTest       : The following 1 profile is active: "local"
2025-07-12T16:41:00.528+08:00  INFO 84835 --- [           main] .s.d.r.c.RepositoryConfigurationDelegate : Bootstrapping Spring Data JPA repositories in DEFAULT mode.
2025-07-12T16:41:00.532+08:00  INFO 84835 --- [           main] .s.d.r.c.RepositoryConfigurationDelegate : Finished Spring Data repository scanning in 3 ms. Found 3 JPA repository interfaces.
2025-07-12T16:41:00.553+08:00  INFO 84835 --- [           main] com.zaxxer.hikari.HikariDataSource       : HikariPool-17 - Starting...
2025-07-12T16:41:00.562+08:00  INFO 84835 --- [           main] com.zaxxer.hikari.pool.HikariPool        : HikariPool-17 - Added connection org.postgresql.jdbc.PgConnection@22ff51b9
2025-07-12T16:41:00.562+08:00  INFO 84835 --- [           main] com.zaxxer.hikari.HikariDataSource       : HikariPool-17 - Start completed.
2025-07-12T16:41:00.563+08:00  INFO 84835 --- [           main] org.flywaydb.core.FlywayExecutor         : Database: jdbc:postgresql://localhost:5432/easymenu_db (PostgreSQL 17.4)
2025-07-12T16:41:00.569+08:00  INFO 84835 --- [           main] o.f.core.internal.command.DbValidate     : Successfully validated 1 migration (execution time 00:00.002s)
2025-07-12T16:41:00.582+08:00  INFO 84835 --- [           main] o.f.core.internal.command.DbMigrate      : Current version of schema "public": 1
2025-07-12T16:41:00.582+08:00  INFO 84835 --- [           main] o.f.core.internal.command.DbMigrate      : Schema "public" is up to date. No migration necessary.
2025-07-12T16:41:00.591+08:00  INFO 84835 --- [           main] o.hibernate.jpa.internal.util.LogHelper  : HHH000204: Processing PersistenceUnitInfo [name: default]
2025-07-12T16:41:00.592+08:00  INFO 84835 --- [           main] o.h.c.internal.RegionFactoryInitiator    : HHH000026: Second-level cache disabled
2025-07-12T16:41:00.594+08:00  INFO 84835 --- [           main] o.s.o.j.p.SpringPersistenceUnitInfo      : No LoadTimeWeaver setup: ignoring JPA class transformer
2025-07-12T16:41:00.596+08:00  WARN 84835 --- [           main] org.hibernate.orm.deprecation            : HHH90000025: PostgreSQLDialect does not need to be specified explicitly using 'hibernate.dialect' (remove the property setting and it will be selected by default)
2025-07-12T16:41:00.596+08:00  INFO 84835 --- [           main] org.hibernate.orm.connections.pooling    : HHH10001005: Database info:
	Database JDBC URL [Connecting through datasource 'HikariDataSource (HikariPool-17)']
	Database driver: undefined/unknown
	Database version: 17.4
	Autocommit mode: undefined/unknown
	Isolation level: undefined/unknown
	Minimum pool size: undefined/unknown
	Maximum pool size: undefined/unknown
2025-07-12T16:41:00.613+08:00  INFO 84835 --- [           main] o.h.e.t.j.p.i.JtaPlatformInitiator       : HHH000489: No JTA platform available (set 'hibernate.transaction.jta.platform' to enable JTA platform integration)
2025-07-12T16:41:00.613+08:00  INFO 84835 --- [           main] j.LocalContainerEntityManagerFactoryBean : Initialized JPA EntityManagerFactory for persistence unit 'default'
2025-07-12T16:41:00.636+08:00  WARN 84835 --- [           main] JpaBaseConfiguration$JpaWebConfiguration : spring.jpa.open-in-view is enabled by default. Therefore, database queries may be performed during view rendering. Explicitly configure spring.jpa.open-in-view to disable this warning
2025-07-12T16:41:00.643+08:00  INFO 84835 --- [           main] r$InitializeUserDetailsManagerConfigurer : Global AuthenticationManager configured with UserDetailsService bean with name userDetailsServiceImpl
2025-07-12T16:41:00.656+08:00 DEBUG 84835 --- [           main] o.s.s.web.DefaultSecurityFilterChain     : Will secure any request with filters: DisableEncodeUrlFilter, WebAsyncManagerIntegrationFilter, SecurityContextHolderFilter, HeaderWriterFilter, LogoutFilter, SecurityFilter, RequestCacheAwareFilter, SecurityContextHolderAwareRequestFilter, AnonymousAuthenticationFilter, SessionManagementFilter, ExceptionTranslationFilter, AuthorizationFilter
2025-07-12T16:41:00.687+08:00  INFO 84835 --- [           main] o.s.b.t.m.w.SpringBootMockServletContext : Initializing Spring TestDispatcherServlet ''
2025-07-12T16:41:00.687+08:00  INFO 84835 --- [           main] o.s.t.web.servlet.TestDispatcherServlet  : Initializing Servlet ''
2025-07-12T16:41:00.687+08:00  INFO 84835 --- [           main] o.s.t.web.servlet.TestDispatcherServlet  : Completed initialization in 0 ms
2025-07-12T16:41:00.690+08:00  INFO 84835 --- [           main] c.e.a.AuthenticationControllerTest       : Started AuthenticationControllerTest in 0.211 seconds (process running for 8.142)
2025-07-12T16:41:00.693+08:00 DEBUG 84835 --- [           main] o.s.security.web.FilterChainProxy        : Securing POST /auth/register
2025-07-12T16:41:00.693+08:00 DEBUG 84835 --- [           main] o.s.s.w.a.AnonymousAuthenticationFilter  : Set SecurityContextHolder to anonymous SecurityContext
2025-07-12T16:41:00.693+08:00 DEBUG 84835 --- [           main] o.s.security.web.FilterChainProxy        : Secured POST /auth/register
2025-07-12T16:41:00.704+08:00  INFO 84835 --- [           main] j.LocalContainerEntityManagerFactoryBean : Closing JPA EntityManagerFactory for persistence unit 'default'
2025-07-12T16:41:00.704+08:00  INFO 84835 --- [           main] com.zaxxer.hikari.HikariDataSource       : HikariPool-17 - Shutdown initiated...
2025-07-12T16:41:00.709+08:00  INFO 84835 --- [           main] com.zaxxer.hikari.HikariDataSource       : HikariPool-17 - Shutdown completed.
]]></system-out>
  </testcase>
  <testcase name="testUsernameNotFound" classname="com.easymenu.authentication.AuthenticationControllerTest" time="0.018">
    <system-out><![CDATA[2025-07-12T16:41:00.710+08:00  INFO 84835 --- [           main] o.s.b.d.r.RestartApplicationListener     : Restart disabled due to context in which it is running

  .   ____          _            __ _ _
 /\\ / ___'_ __ _ _(_)_ __  __ _ \ \ \ \
( ( )\___ | '_ | '_| | '_ \/ _` | \ \ \ \
 \\/  ___)| |_)| | | | | || (_| |  ) ) ) )
  '  |____| .__|_| |_|_| |_\__, | / / / /
 =========|_|==============|___/=/_/_/_/

 :: Spring Boot ::                (v3.4.4)

2025-07-12T16:41:00.715+08:00  INFO 84835 --- [           main] c.e.a.AuthenticationControllerTest       : Starting AuthenticationControllerTest using Java 17.0.15 with PID 84835 (started by viniciusrodrigues in /Users/viniciusrodrigues/Documents/Projects/EasyMenu/backend)
2025-07-12T16:41:00.715+08:00  INFO 84835 --- [           main] c.e.a.AuthenticationControllerTest       : The following 1 profile is active: "local"
2025-07-12T16:41:00.759+08:00  INFO 84835 --- [           main] .s.d.r.c.RepositoryConfigurationDelegate : Bootstrapping Spring Data JPA repositories in DEFAULT mode.
2025-07-12T16:41:00.763+08:00  INFO 84835 --- [           main] .s.d.r.c.RepositoryConfigurationDelegate : Finished Spring Data repository scanning in 3 ms. Found 3 JPA repository interfaces.
2025-07-12T16:41:00.784+08:00  INFO 84835 --- [           main] com.zaxxer.hikari.HikariDataSource       : HikariPool-18 - Starting...
2025-07-12T16:41:00.794+08:00  INFO 84835 --- [           main] com.zaxxer.hikari.pool.HikariPool        : HikariPool-18 - Added connection org.postgresql.jdbc.PgConnection@79c59e84
2025-07-12T16:41:00.794+08:00  INFO 84835 --- [           main] com.zaxxer.hikari.HikariDataSource       : HikariPool-18 - Start completed.
2025-07-12T16:41:00.795+08:00  INFO 84835 --- [           main] org.flywaydb.core.FlywayExecutor         : Database: jdbc:postgresql://localhost:5432/easymenu_db (PostgreSQL 17.4)
2025-07-12T16:41:00.800+08:00  INFO 84835 --- [           main] o.f.core.internal.command.DbValidate     : Successfully validated 1 migration (execution time 00:00.002s)
2025-07-12T16:41:00.815+08:00  INFO 84835 --- [           main] o.f.core.internal.command.DbMigrate      : Current version of schema "public": 1
2025-07-12T16:41:00.815+08:00  INFO 84835 --- [           main] o.f.core.internal.command.DbMigrate      : Schema "public" is up to date. No migration necessary.
2025-07-12T16:41:00.820+08:00  INFO 84835 --- [           main] o.hibernate.jpa.internal.util.LogHelper  : HHH000204: Processing PersistenceUnitInfo [name: default]
2025-07-12T16:41:00.821+08:00  INFO 84835 --- [           main] o.h.c.internal.RegionFactoryInitiator    : HHH000026: Second-level cache disabled
2025-07-12T16:41:00.823+08:00  INFO 84835 --- [           main] o.s.o.j.p.SpringPersistenceUnitInfo      : No LoadTimeWeaver setup: ignoring JPA class transformer
2025-07-12T16:41:00.824+08:00  WARN 84835 --- [           main] org.hibernate.orm.deprecation            : HHH90000025: PostgreSQLDialect does not need to be specified explicitly using 'hibernate.dialect' (remove the property setting and it will be selected by default)
2025-07-12T16:41:00.825+08:00  INFO 84835 --- [           main] org.hibernate.orm.connections.pooling    : HHH10001005: Database info:
	Database JDBC URL [Connecting through datasource 'HikariDataSource (HikariPool-18)']
	Database driver: undefined/unknown
	Database version: 17.4
	Autocommit mode: undefined/unknown
	Isolation level: undefined/unknown
	Minimum pool size: undefined/unknown
	Maximum pool size: undefined/unknown
2025-07-12T16:41:00.845+08:00  INFO 84835 --- [           main] o.h.e.t.j.p.i.JtaPlatformInitiator       : HHH000489: No JTA platform available (set 'hibernate.transaction.jta.platform' to enable JTA platform integration)
2025-07-12T16:41:00.845+08:00  INFO 84835 --- [           main] j.LocalContainerEntityManagerFactoryBean : Initialized JPA EntityManagerFactory for persistence unit 'default'
2025-07-12T16:41:00.869+08:00  WARN 84835 --- [           main] JpaBaseConfiguration$JpaWebConfiguration : spring.jpa.open-in-view is enabled by default. Therefore, database queries may be performed during view rendering. Explicitly configure spring.jpa.open-in-view to disable this warning
2025-07-12T16:41:00.876+08:00  INFO 84835 --- [           main] r$InitializeUserDetailsManagerConfigurer : Global AuthenticationManager configured with UserDetailsService bean with name userDetailsServiceImpl
2025-07-12T16:41:00.889+08:00 DEBUG 84835 --- [           main] o.s.s.web.DefaultSecurityFilterChain     : Will secure any request with filters: DisableEncodeUrlFilter, WebAsyncManagerIntegrationFilter, SecurityContextHolderFilter, HeaderWriterFilter, LogoutFilter, SecurityFilter, RequestCacheAwareFilter, SecurityContextHolderAwareRequestFilter, AnonymousAuthenticationFilter, SessionManagementFilter, ExceptionTranslationFilter, AuthorizationFilter
2025-07-12T16:41:00.921+08:00  INFO 84835 --- [           main] o.s.b.t.m.w.SpringBootMockServletContext : Initializing Spring TestDispatcherServlet ''
2025-07-12T16:41:00.921+08:00  INFO 84835 --- [           main] o.s.t.web.servlet.TestDispatcherServlet  : Initializing Servlet ''
2025-07-12T16:41:00.921+08:00  INFO 84835 --- [           main] o.s.t.web.servlet.TestDispatcherServlet  : Completed initialization in 0 ms
2025-07-12T16:41:00.924+08:00  INFO 84835 --- [           main] c.e.a.AuthenticationControllerTest       : Started AuthenticationControllerTest in 0.214 seconds (process running for 8.376)
2025-07-12T16:41:00.926+08:00 DEBUG 84835 --- [           main] o.s.security.web.FilterChainProxy        : Securing POST /auth/login
2025-07-12T16:41:00.927+08:00 DEBUG 84835 --- [           main] o.s.s.w.a.AnonymousAuthenticationFilter  : Set SecurityContextHolder to anonymous SecurityContext
2025-07-12T16:41:00.927+08:00 DEBUG 84835 --- [           main] o.s.security.web.FilterChainProxy        : Secured POST /auth/login
2025-07-12T16:41:00.931+08:00  INFO 84835 --- [           main] j.LocalContainerEntityManagerFactoryBean : Closing JPA EntityManagerFactory for persistence unit 'default'
2025-07-12T16:41:00.932+08:00  INFO 84835 --- [           main] com.zaxxer.hikari.HikariDataSource       : HikariPool-18 - Shutdown initiated...
2025-07-12T16:41:00.943+08:00  INFO 84835 --- [           main] com.zaxxer.hikari.HikariDataSource       : HikariPool-18 - Shutdown completed.
]]></system-out>
  </testcase>
  <testcase name="testRegisterSuccess" classname="com.easymenu.authentication.AuthenticationControllerTest" time="0.013">
    <system-out><![CDATA[2025-07-12T16:41:00.944+08:00  INFO 84835 --- [           main] o.s.b.d.r.RestartApplicationListener     : Restart disabled due to context in which it is running

  .   ____          _            __ _ _
 /\\ / ___'_ __ _ _(_)_ __  __ _ \ \ \ \
( ( )\___ | '_ | '_| | '_ \/ _` | \ \ \ \
 \\/  ___)| |_)| | | | | || (_| |  ) ) ) )
  '  |____| .__|_| |_|_| |_\__, | / / / /
 =========|_|==============|___/=/_/_/_/

 :: Spring Boot ::                (v3.4.4)

2025-07-12T16:41:00.949+08:00  INFO 84835 --- [           main] c.e.a.AuthenticationControllerTest       : Starting AuthenticationControllerTest using Java 17.0.15 with PID 84835 (started by viniciusrodrigues in /Users/viniciusrodrigues/Documents/Projects/EasyMenu/backend)
2025-07-12T16:41:00.949+08:00  INFO 84835 --- [           main] c.e.a.AuthenticationControllerTest       : The following 1 profile is active: "local"
2025-07-12T16:41:00.992+08:00  INFO 84835 --- [           main] .s.d.r.c.RepositoryConfigurationDelegate : Bootstrapping Spring Data JPA repositories in DEFAULT mode.
2025-07-12T16:41:00.995+08:00  INFO 84835 --- [           main] .s.d.r.c.RepositoryConfigurationDelegate : Finished Spring Data repository scanning in 3 ms. Found 3 JPA repository interfaces.
2025-07-12T16:41:01.016+08:00  INFO 84835 --- [           main] com.zaxxer.hikari.HikariDataSource       : HikariPool-19 - Starting...
2025-07-12T16:41:01.026+08:00  INFO 84835 --- [           main] com.zaxxer.hikari.pool.HikariPool        : HikariPool-19 - Added connection org.postgresql.jdbc.PgConnection@5b8afcb1
2025-07-12T16:41:01.026+08:00  INFO 84835 --- [           main] com.zaxxer.hikari.HikariDataSource       : HikariPool-19 - Start completed.
2025-07-12T16:41:01.027+08:00  INFO 84835 --- [           main] org.flywaydb.core.FlywayExecutor         : Database: jdbc:postgresql://localhost:5432/easymenu_db (PostgreSQL 17.4)
2025-07-12T16:41:01.033+08:00  INFO 84835 --- [           main] o.f.core.internal.command.DbValidate     : Successfully validated 1 migration (execution time 00:00.002s)
2025-07-12T16:41:01.050+08:00  INFO 84835 --- [           main] o.f.core.internal.command.DbMigrate      : Current version of schema "public": 1
2025-07-12T16:41:01.051+08:00  INFO 84835 --- [           main] o.f.core.internal.command.DbMigrate      : Schema "public" is up to date. No migration necessary.
2025-07-12T16:41:01.057+08:00  INFO 84835 --- [           main] o.hibernate.jpa.internal.util.LogHelper  : HHH000204: Processing PersistenceUnitInfo [name: default]
2025-07-12T16:41:01.058+08:00  INFO 84835 --- [           main] o.h.c.internal.RegionFactoryInitiator    : HHH000026: Second-level cache disabled
2025-07-12T16:41:01.060+08:00  INFO 84835 --- [           main] o.s.o.j.p.SpringPersistenceUnitInfo      : No LoadTimeWeaver setup: ignoring JPA class transformer
2025-07-12T16:41:01.062+08:00  WARN 84835 --- [           main] org.hibernate.orm.deprecation            : HHH90000025: PostgreSQLDialect does not need to be specified explicitly using 'hibernate.dialect' (remove the property setting and it will be selected by default)
2025-07-12T16:41:01.062+08:00  INFO 84835 --- [           main] org.hibernate.orm.connections.pooling    : HHH10001005: Database info:
	Database JDBC URL [Connecting through datasource 'HikariDataSource (HikariPool-19)']
	Database driver: undefined/unknown
	Database version: 17.4
	Autocommit mode: undefined/unknown
	Isolation level: undefined/unknown
	Minimum pool size: undefined/unknown
	Maximum pool size: undefined/unknown
2025-07-12T16:41:01.079+08:00  INFO 84835 --- [           main] o.h.e.t.j.p.i.JtaPlatformInitiator       : HHH000489: No JTA platform available (set 'hibernate.transaction.jta.platform' to enable JTA platform integration)
2025-07-12T16:41:01.079+08:00  INFO 84835 --- [           main] j.LocalContainerEntityManagerFactoryBean : Initialized JPA EntityManagerFactory for persistence unit 'default'
2025-07-12T16:41:01.106+08:00  WARN 84835 --- [           main] JpaBaseConfiguration$JpaWebConfiguration : spring.jpa.open-in-view is enabled by default. Therefore, database queries may be performed during view rendering. Explicitly configure spring.jpa.open-in-view to disable this warning
2025-07-12T16:41:01.113+08:00  INFO 84835 --- [           main] r$InitializeUserDetailsManagerConfigurer : Global AuthenticationManager configured with UserDetailsService bean with name userDetailsServiceImpl
2025-07-12T16:41:01.125+08:00 DEBUG 84835 --- [           main] o.s.s.web.DefaultSecurityFilterChain     : Will secure any request with filters: DisableEncodeUrlFilter, WebAsyncManagerIntegrationFilter, SecurityContextHolderFilter, HeaderWriterFilter, LogoutFilter, SecurityFilter, RequestCacheAwareFilter, SecurityContextHolderAwareRequestFilter, AnonymousAuthenticationFilter, SessionManagementFilter, ExceptionTranslationFilter, AuthorizationFilter
2025-07-12T16:41:01.156+08:00  INFO 84835 --- [           main] o.s.b.t.m.w.SpringBootMockServletContext : Initializing Spring TestDispatcherServlet ''
2025-07-12T16:41:01.156+08:00  INFO 84835 --- [           main] o.s.t.web.servlet.TestDispatcherServlet  : Initializing Servlet ''
2025-07-12T16:41:01.156+08:00  INFO 84835 --- [           main] o.s.t.web.servlet.TestDispatcherServlet  : Completed initialization in 0 ms
2025-07-12T16:41:01.159+08:00  INFO 84835 --- [           main] c.e.a.AuthenticationControllerTest       : Started AuthenticationControllerTest in 0.216 seconds (process running for 8.611)
2025-07-12T16:41:01.162+08:00 DEBUG 84835 --- [           main] o.s.security.web.FilterChainProxy        : Securing POST /auth/register
2025-07-12T16:41:01.162+08:00 DEBUG 84835 --- [           main] o.s.s.w.a.AnonymousAuthenticationFilter  : Set SecurityContextHolder to anonymous SecurityContext
2025-07-12T16:41:01.162+08:00 DEBUG 84835 --- [           main] o.s.security.web.FilterChainProxy        : Secured POST /auth/register

MockHttpServletRequest:
      HTTP Method = POST
      Request URI = /auth/register
       Parameters = {}
          Headers = [Content-Type:"application/json;charset=UTF-8", Content-Length:"82"]
             Body = {"name":"testuser","email":"test@example.com","password":"password","role":"USER"}
    Session Attrs = {}

Handler:
             Type = com.easymenu.authentication.AuthenticationController
           Method = com.easymenu.authentication.AuthenticationController#register(UserRecordDTO)

Async:
    Async started = false
     Async result = null

Resolved Exception:
             Type = null

ModelAndView:
        View name = null
             View = null
            Model = null

FlashMap:
       Attributes = null

MockHttpServletResponse:
           Status = 201
    Error message = null
          Headers = [Vary:"Origin", "Access-Control-Request-Method", "Access-Control-Request-Headers", Content-Type:"application/hal+json", X-Content-Type-Options:"nosniff", X-XSS-Protection:"0", Cache-Control:"no-cache, no-store, max-age=0, must-revalidate", Pragma:"no-cache", Expires:"0", X-Frame-Options:"DENY"]
     Content type = application/hal+json
             Body = {"id":"3303dc78-4da4-45f9-84fe-59fe92dbb226","name":"testuser","email":"test@example.com","status":"ACTIVE","role":"USER","createdOn":null,"updatedOn":null,"_links":{"self":{"href":"http://localhost/users/3303dc78-4da4-45f9-84fe-59fe92dbb226"}}}
    Forwarded URL = null
   Redirected URL = null
          Cookies = []
2025-07-12T16:41:01.172+08:00  INFO 84835 --- [           main] j.LocalContainerEntityManagerFactoryBean : Closing JPA EntityManagerFactory for persistence unit 'default'
2025-07-12T16:41:01.172+08:00  INFO 84835 --- [           main] com.zaxxer.hikari.HikariDataSource       : HikariPool-19 - Shutdown initiated...
2025-07-12T16:41:01.173+08:00  INFO 84835 --- [           main] com.zaxxer.hikari.HikariDataSource       : HikariPool-19 - Shutdown completed.
]]></system-out>
  </testcase>
</testsuite>